Build started 14.08.2015 15:25:41.
     1>Project "C:\Users\dohof_000\Documents\GitHub\Cassandra\FeatureWeightFitter\FeatureWeightFitter\FeatureWeightFitter.vcxproj" on node 2 (Build target(s)).
     1>C:\Program Files (x86)\MSBuild\Microsoft.Cpp\v4.0\V120\Microsoft.CppBuild.targets(364,5): warning MSB8004: Output Directory does not end with a trailing slash.  This build instance will add the slash as it is required to allow proper evaluation of the Output Directory.
     1>ClCompile:
         C:\Program Files (x86)\Microsoft Visual Studio 12.0\VC\bin\x86_amd64\CL.exe /c /Zi /nologo /W3 /WX- /Ox /Ob2 /Oi /Ot /GT /GL /D WIN32 /D NDEBUG /D _CONSOLE /D _LIB /D _UNICODE /D UNICODE /Gm- /EHsc /MD /GS /Gy /arch:AVX2 /fp:precise /Zc:wchar_t /Zc:forScope /openmp /Fo"x64\Release\\" /Fd"x64\Release\vc120.pdb" /Gd /TP /errorReport:prompt ..\..\src\featureweightfitter.cpp
         featureweightfitter.cpp
     1>c:\users\dohof_000\documents\github\cassandra\src\macros_hell.h(208): warning C4146: unary minus operator applied to unsigned type, result still unsigned
     1>c:\users\dohof_000\documents\github\cassandra\src\features.h(898): warning C4244: 'initializing' : conversion from 'uint64_t' to 'const int', possible loss of data
     1>..\..\src\featureweightfitter.cpp(37): warning C4267: 'initializing' : conversion from 'size_t' to 'const int', possible loss of data
     1>..\..\src\featureweightfitter.cpp(66): warning C4267: 'initializing' : conversion from 'size_t' to 'const int', possible loss of data
     1>..\..\src\featureweightfitter.cpp(67): warning C4267: 'initializing' : conversion from 'size_t' to 'const int', possible loss of data
     1>..\..\src\featureweightfitter.cpp(98): warning C4267: 'initializing' : conversion from 'size_t' to 'const int', possible loss of data
     1>..\..\src\featureweightfitter.cpp(99): warning C4267: 'initializing' : conversion from 'size_t' to 'const int', possible loss of data
     1>c:\users\dohof_000\documents\github\cassandra\src\featureweightfitter.h(65): warning C4267: 'argument' : conversion from 'size_t' to 'unsigned int', possible loss of data
                 c:\users\dohof_000\documents\github\cassandra\src\featureweightfitter.h(64) : while compiling class template member function 'void CMatrix_CSR<uint8_t,unsigned int>::endRow(void)'
                 ..\..\src\featureweightfitter.cpp(57) : see reference to function template instantiation 'void CMatrix_CSR<uint8_t,unsigned int>::endRow(void)' being compiled
                 ..\..\src\featureweightfitter.cpp(42) : see reference to class template instantiation 'CMatrix_CSR<uint8_t,unsigned int>' being compiled
     1>c:\users\dohof_000\documents\github\cassandra\src\datamanipulation.h(95): warning C4996: 'fopen': This function or variable may be unsafe. Consider using fopen_s instead. To disable deprecation, use _CRT_SECURE_NO_WARNINGS. See online help for details.
                 C:\Program Files (x86)\Microsoft Visual Studio 12.0\VC\include\stdio.h(211) : see declaration of 'fopen'
                 ..\..\src\featureweightfitter.cpp(8) : see reference to function template instantiation 'std::vector<CDataset_Position_Score_PV,std::allocator<_Ty>> read_vector<CDataset_Position_Score_PV>(const std::string &,size_t)' being compiled
                 with
                 [
                     _Ty=CDataset_Position_Score_PV
                 ]
     1>c:\users\dohof_000\documents\github\cassandra\src\featureweightfitter.h(115): warning C4018: '<' : signed/unsigned mismatch
                 ..\..\src\featureweightfitter.cpp(71) : see reference to function template instantiation 'std::vector<size_t,std::allocator<_Ty>> CMatrix_CSR<uint8_t,unsigned int>::ATx<size_t>(const std::vector<_Ty,std::allocator<_Ty>> &) const' being compiled
                 with
                 [
                     _Ty=size_t
                 ]
                 ..\..\src\featureweightfitter.cpp(71) : see reference to function template instantiation 'std::vector<size_t,std::allocator<_Ty>> CMatrix_CSR<uint8_t,unsigned int>::ATx<size_t>(const std::vector<_Ty,std::allocator<_Ty>> &) const' being compiled
                 with
                 [
                     _Ty=size_t
                 ]
     1>c:\users\dohof_000\documents\github\cassandra\src\featureweightfitter.h(96): warning C4018: '<' : signed/unsigned mismatch
                 ..\..\src\featureweightfitter.cpp(135) : see reference to function template instantiation 'std::vector<double,std::allocator<_Ty>> CMatrix_CSR<uint8_t,unsigned int>::operator *<double>(const std::vector<_Ty,std::allocator<_Ty>> &) const' being compiled
                 with
                 [
                     _Ty=double
                 ]
                 ..\..\src\featureweightfitter.cpp(135) : see reference to function template instantiation 'std::vector<double,std::allocator<_Ty>> CMatrix_CSR<uint8_t,unsigned int>::operator *<double>(const std::vector<_Ty,std::allocator<_Ty>> &) const' being compiled
                 with
                 [
                     _Ty=double
                 ]
     1>c:\users\dohof_000\documents\github\cassandra\src\featureweightfitter.h(142): warning C4018: '<' : signed/unsigned mismatch
                 ..\..\src\featureweightfitter.cpp(207) : see reference to function template instantiation 'std::vector<double,std::allocator<_Ty>> CMatrix_CSR<uint8_t,unsigned int>::ATAx<double>(const std::vector<_Ty,std::allocator<_Ty>> &) const' being compiled
                 with
                 [
                     _Ty=double
                 ]
                 ..\..\src\featureweightfitter.cpp(207) : see reference to function template instantiation 'std::vector<double,std::allocator<_Ty>> CMatrix_CSR<uint8_t,unsigned int>::ATAx<double>(const std::vector<_Ty,std::allocator<_Ty>> &) const' being compiled
                 with
                 [
                     _Ty=double
                 ]
     1>c:\users\dohof_000\documents\github\cassandra\src\datamanipulation.h(120): warning C4996: 'fopen': This function or variable may be unsafe. Consider using fopen_s instead. To disable deprecation, use _CRT_SECURE_NO_WARNINGS. See online help for details.
                 C:\Program Files (x86)\Microsoft Visual Studio 12.0\VC\include\stdio.h(211) : see declaration of 'fopen'
                 ..\..\src\featureweightfitter.cpp(252) : see reference to function template instantiation 'void write_to_file<double>(const std::string &,const std::vector<double,std::allocator<_Ty>> &)' being compiled
                 with
                 [
                     _Ty=double
                 ]
       Link:
         C:\Program Files (x86)\Microsoft Visual Studio 12.0\VC\bin\x86_amd64\link.exe /ERRORREPORT:PROMPT /OUT:"..\..\bin\FeatureWeightFitter.exe" /INCREMENTAL:NO /NOLOGO kernel32.lib user32.lib gdi32.lib winspool.lib comdlg32.lib advapi32.lib shell32.lib ole32.lib oleaut32.lib uuid.lib odbc32.lib odbccp32.lib /MANIFEST /MANIFESTUAC:"level='asInvoker' uiAccess='false'" /manifest:embed /DEBUG /PDB:"..\..\bin\FeatureWeightFitter.pdb" /SUBSYSTEM:CONSOLE /OPT:REF /OPT:ICF /LTCG /TLBID:1 /DYNAMICBASE /NXCOMPAT /IMPLIB:"..\..\bin\FeatureWeightFitter.lib" /MACHINE:X64 x64\Release\configfile.obj
         x64\Release\datamanipulation.obj
         x64\Release\features.obj
         x64\Release\featureweightfitter.obj
         x64\Release\flip_fast.obj
         x64\Release\position.obj
         x64\Release\possiblemoves.obj
         x64\Release\possiblemoves_avx2.obj
         x64\Release\possiblemoves_avx512.obj
         x64\Release\possiblemoves_sse2.obj
         x64\Release\utility.obj
         Generating code
         Finished generating code
         FeatureWeightFitter.vcxproj -> C:\Users\dohof_000\Documents\GitHub\Cassandra\FeatureWeightFitter\FeatureWeightFitter\..\..\bin\FeatureWeightFitter.exe
     1>Done Building Project "C:\Users\dohof_000\Documents\GitHub\Cassandra\FeatureWeightFitter\FeatureWeightFitter\FeatureWeightFitter.vcxproj" (Build target(s)).

Build succeeded.

Time Elapsed 00:00:03.87
