Build started 23.07.2015 03:51:18.
     1>Project "C:\Users\dohof_000\Dropbox\My Legacy\Cassandra\PositionManager\PositionManager\PositionManager.vcxproj" on node 2 (Build target(s)).
     1>C:\Program Files (x86)\MSBuild\Microsoft.Cpp\v4.0\V120\Microsoft.CppBuild.targets(364,5): warning MSB8004: Output Directory does not end with a trailing slash.  This build instance will add the slash as it is required to allow proper evaluation of the Output Directory.
     1>ClCompile:
         C:\Program Files (x86)\Microsoft Visual Studio 12.0\VC\bin\x86_amd64\CL.exe /c /Zi /nologo /W3 /WX- /Ox /Oi /Ot /GL /D WIN32 /D NDEBUG /D _CONSOLE /D _LIB /D _UNICODE /D UNICODE /Gm- /EHsc /MD /GS /Gy /fp:precise /Zc:wchar_t /Zc:forScope /Fo"x64\Release\\" /Fd"x64\Release\vc120.pdb" /Gd /TP /errorReport:prompt ..\..\src\generatepositions.cpp
         generatepositions.cpp
     1>c:\users\dohof_000\dropbox\my legacy\cassandra\src\macros_hell.h(208): warning C4146: unary minus operator applied to unsigned type, result still unsigned
     1>..\..\src\generatepositions.cpp(90): warning C4244: 'argument' : conversion from 'unsigned long' to 'const uint8_t', possible loss of data
     1>c:\users\dohof_000\dropbox\my legacy\cassandra\src\datamanipulation.h(119): warning C4996: 'fopen': This function or variable may be unsafe. Consider using fopen_s instead. To disable deprecation, use _CRT_SECURE_NO_WARNINGS. See online help for details.
                 C:\Program Files (x86)\Microsoft Visual Studio 12.0\VC\include\stdio.h(211) : see declaration of 'fopen'
                 ..\..\src\generatepositions.cpp(46) : see reference to function template instantiation 'void write_to_file<CDataset_Position_Score_PV>(const std::string &,const std::vector<CDataset_Position_Score_PV,std::allocator<_Ty>> &)' being compiled
                 with
                 [
                     _Ty=CDataset_Position_Score_PV
                 ]
       Link:
         C:\Program Files (x86)\Microsoft Visual Studio 12.0\VC\bin\x86_amd64\link.exe /ERRORREPORT:PROMPT /OUT:"..\..\bin\PositionManager.exe" /INCREMENTAL:NO /NOLOGO kernel32.lib user32.lib gdi32.lib winspool.lib comdlg32.lib advapi32.lib shell32.lib ole32.lib oleaut32.lib uuid.lib odbc32.lib odbccp32.lib /MANIFEST /MANIFESTUAC:"level='asInvoker' uiAccess='false'" /manifest:embed /DEBUG /PDB:"..\..\bin\PositionManager.pdb" /SUBSYSTEM:CONSOLE /OPT:REF /OPT:ICF /LTCG /TLBID:1 /DYNAMICBASE /NXCOMPAT /IMPLIB:"..\..\bin\PositionManager.lib" /MACHINE:X64 x64\Release\datamanipulation.obj
         x64\Release\flip_fast.obj
         x64\Release\generatepositions.obj
         x64\Release\position.obj
         x64\Release\positionmanager.obj
         x64\Release\possiblemoves.obj
         x64\Release\possiblemoves_avx2.obj
         x64\Release\possiblemoves_avx512.obj
         x64\Release\possiblemoves_sse2.obj
         x64\Release\utility.obj
         Generating code
         Finished generating code
         PositionManager.vcxproj -> C:\Users\dohof_000\Dropbox\My Legacy\Cassandra\PositionManager\PositionManager\..\..\bin\PositionManager.exe
     1>Done Building Project "C:\Users\dohof_000\Dropbox\My Legacy\Cassandra\PositionManager\PositionManager\PositionManager.vcxproj" (Build target(s)).

Build succeeded.

Time Elapsed 00:00:02.42
