c:\users\dohof_000\dropbox\my legacy\cassandra\solver\solver\x64\debug\vc120.pdb
c:\users\dohof_000\dropbox\my legacy\cassandra\solver\solver\x64\debug\vc120.idb
c:\users\dohof_000\dropbox\my legacy\cassandra\solver\solver\x64\debug\count_last_flip.obj
c:\users\dohof_000\dropbox\my legacy\cassandra\solver\solver\x64\debug\datamanipulation.obj
c:\users\dohof_000\dropbox\my legacy\cassandra\solver\solver\x64\debug\endgame_negamax.obj
c:\users\dohof_000\dropbox\my legacy\cassandra\solver\solver\x64\debug\flip_fast.obj
c:\users\dohof_000\dropbox\my legacy\cassandra\solver\solver\x64\debug\generatepositions.obj
c:\users\dohof_000\dropbox\my legacy\cassandra\solver\solver\x64\debug\perft_basic.obj
c:\users\dohof_000\dropbox\my legacy\cassandra\solver\solver\x64\debug\position.obj
c:\users\dohof_000\dropbox\my legacy\cassandra\solver\solver\x64\debug\possiblemoves.obj
c:\users\dohof_000\dropbox\my legacy\cassandra\solver\solver\x64\debug\possiblemoves_avx2.obj
c:\users\dohof_000\dropbox\my legacy\cassandra\solver\solver\x64\debug\possiblemoves_avx512.obj
c:\users\dohof_000\dropbox\my legacy\cassandra\solver\solver\x64\debug\possiblemoves_sse2.obj
c:\users\dohof_000\dropbox\my legacy\cassandra\solver\solver\x64\debug\solver.obj
c:\users\dohof_000\dropbox\my legacy\cassandra\solver\solver\x64\debug\utility.obj
c:\users\dohof_000\dropbox\my legacy\cassandra\solver\x64\debug\solver.ilk
c:\users\dohof_000\dropbox\my legacy\cassandra\solver\x64\debug\solver.exe
c:\users\dohof_000\dropbox\my legacy\cassandra\solver\x64\debug\solver.pdb
c:\users\dohof_000\dropbox\my legacy\cassandra\solver\solver\x64\debug\solver.tlog\cl.command.1.tlog
c:\users\dohof_000\dropbox\my legacy\cassandra\solver\solver\x64\debug\solver.tlog\cl.read.1.tlog
c:\users\dohof_000\dropbox\my legacy\cassandra\solver\solver\x64\debug\solver.tlog\cl.write.1.tlog
c:\users\dohof_000\dropbox\my legacy\cassandra\solver\solver\x64\debug\solver.tlog\link.command.1.tlog
c:\users\dohof_000\dropbox\my legacy\cassandra\solver\solver\x64\debug\solver.tlog\link.read.1.tlog
c:\users\dohof_000\dropbox\my legacy\cassandra\solver\solver\x64\debug\solver.tlog\link.write.1.tlog
