Build started 25.08.2015 17:49:27.
     1>Project "C:\Users\dohof_000\Documents\GitHub\Cassandra\Solver\Solver\Solver.vcxproj" on node 2 (Build target(s)).
     1>C:\Program Files (x86)\MSBuild\Microsoft.Cpp\v4.0\V120\Microsoft.CppBuild.targets(364,5): warning MSB8004: Output Directory does not end with a trailing slash.  This build instance will add the slash as it is required to allow proper evaluation of the Output Directory.
     1>ClCompile:
         C:\Program Files (x86)\Microsoft Visual Studio 12.0\VC\bin\x86_amd64\CL.exe /c /Zi /nologo /W3 /WX- /Ox /Ob2 /Oi /Ot /Oy /GT /GL /D WIN32 /D NDEBUG /D _CONSOLE /D _LIB /D _UNICODE /D UNICODE /Gm- /EHsc /MD /GS /Gy /arch:AVX2 /fp:precise /Zc:wchar_t /Zc:forScope /openmp /Fo"x64\Release\\" /Fd"x64\Release\vc120.pdb" /Gd /TP /errorReport:prompt /D "__core_avx2__" ..\..\src\game.cpp
         game.cpp
     1>c:\users\dohof_000\documents\github\cassandra\src\hashtable.h(23): warning C4244: 'initializing' : conversion from 'unsigned long' to 'uint8_t', possible loss of data
     1>c:\users\dohof_000\documents\github\cassandra\src\features.h(897): warning C4244: 'initializing' : conversion from 'uint64_t' to 'const int', possible loss of data
     1>c:\users\dohof_000\documents\github\cassandra\src\selectivity.h(37): warning C4996: 'sprintf': This function or variable may be unsafe. Consider using sprintf_s instead. To disable deprecation, use _CRT_SECURE_NO_WARNINGS. See online help for details.
                 C:\Program Files (x86)\Microsoft Visual Studio 12.0\VC\include\stdio.h(356) : see declaration of 'sprintf'
     1>c:\users\dohof_000\documents\github\cassandra\src\selectivity.h(45): warning C4996: 'sprintf': This function or variable may be unsafe. Consider using sprintf_s instead. To disable deprecation, use _CRT_SECURE_NO_WARNINGS. See online help for details.
                 C:\Program Files (x86)\Microsoft Visual Studio 12.0\VC\include\stdio.h(356) : see declaration of 'sprintf'
     1>c:\users\dohof_000\documents\github\cassandra\src\game.h(77): warning C4244: 'initializing' : conversion from 'uint64_t' to 'int', possible loss of data
     1>c:\users\dohof_000\documents\github\cassandra\src\game.h(100): warning C4244: 'initializing' : conversion from 'uint64_t' to 'int', possible loss of data
     1>c:\users\dohof_000\documents\github\cassandra\src\game.h(114): warning C4244: 'initializing' : conversion from 'uint64_t' to 'int', possible loss of data
     1>c:\users\dohof_000\documents\github\cassandra\src\game.h(137): warning C4244: 'return' : conversion from 'uint64_t' to 'int', possible loss of data
     1>..\..\src\game.cpp(32): warning C4244: 'initializing' : conversion from 'const double' to 'int', possible loss of data
     1>..\..\src\game.cpp(89): warning C4244: 'argument' : conversion from 'unsigned long' to 'const uint8_t', possible loss of data
     1>..\..\src\game.cpp(89): warning C4244: 'argument' : conversion from 'const unsigned long' to 'const uint8_t', possible loss of data
     1>..\..\src\game.cpp(93): warning C4244: 'argument' : conversion from 'unsigned long' to 'const uint8_t', possible loss of data
     1>..\..\src\game.cpp(93): warning C4244: 'argument' : conversion from 'const unsigned long' to 'const uint8_t', possible loss of data
     1>..\..\src\game.cpp(103): warning C4244: '=' : conversion from 'const unsigned long' to 'uint8_t', possible loss of data
     1>..\..\src\game.cpp(109): warning C4244: 'argument' : conversion from 'unsigned long' to 'const uint8_t', possible loss of data
     1>..\..\src\game.cpp(111): warning C4244: 'argument' : conversion from 'unsigned long' to 'const uint8_t', possible loss of data
     1>..\..\src\game.cpp(182): warning C4244: '=' : conversion from 'const unsigned long' to 'uint8_t', possible loss of data
     1>..\..\src\game.cpp(183): warning C4244: 'argument' : conversion from 'const unsigned long' to 'const uint8_t', possible loss of data
     1>..\..\src\game.cpp(191): warning C4244: 'argument' : conversion from 'unsigned long' to 'const uint8_t', possible loss of data
     1>..\..\src\game.cpp(192): warning C4244: 'argument' : conversion from 'unsigned long' to 'const uint8_t', possible loss of data
     1>..\..\src\game.cpp(196): warning C4244: 'argument' : conversion from 'unsigned long' to 'const uint8_t', possible loss of data
     1>..\..\src\game.cpp(197): warning C4244: 'argument' : conversion from 'unsigned long' to 'const uint8_t', possible loss of data
     1>..\..\src\game.cpp(242): warning C4244: 'argument' : conversion from 'uint64_t' to 'const int', possible loss of data
     1>..\..\src\game.cpp(249): warning C4244: 'argument' : conversion from 'unsigned long' to 'const uint8_t', possible loss of data
     1>..\..\src\game.cpp(273): warning C4244: 'argument' : conversion from 'uint64_t' to 'const int', possible loss of data
     1>..\..\src\game.cpp(280): warning C4244: 'argument' : conversion from 'unsigned long' to 'const uint8_t', possible loss of data
     1>..\..\src\game.cpp(304): warning C4244: 'argument' : conversion from 'uint64_t' to 'const int', possible loss of data
     1>..\..\src\game.cpp(317): warning C4244: '=' : conversion from 'const unsigned long' to 'uint8_t', possible loss of data
     1>..\..\src\game.cpp(322): warning C4244: 'argument' : conversion from 'unsigned long' to 'const uint8_t', possible loss of data
     1>..\..\src\game.cpp(345): warning C4244: 'argument' : conversion from 'uint64_t' to 'const int', possible loss of data
     1>..\..\src\game.cpp(353): warning C4244: 'argument' : conversion from 'unsigned long' to 'const uint8_t', possible loss of data
     1>..\..\src\game.cpp(358): warning C4244: 'argument' : conversion from 'unsigned long' to 'const uint8_t', possible loss of data
     1>..\..\src\game.cpp(387): warning C4244: 'argument' : conversion from 'uint64_t' to 'const int', possible loss of data
     1>..\..\src\game.cpp(398): warning C4244: 'argument' : conversion from 'unsigned long' to 'const uint8_t', possible loss of data
     1>..\..\src\game.cpp(410): warning C4244: '=' : conversion from 'unsigned long' to 'uint8_t', possible loss of data
     1>..\..\src\game.cpp(411): warning C4244: 'argument' : conversion from 'unsigned long' to 'const uint8_t', possible loss of data
     1>..\..\src\game.cpp(438): warning C4244: 'initializing' : conversion from 'uint64_t' to 'int', possible loss of data
     1>..\..\src\game.cpp(684): warning C4244: 'initializing' : conversion from 'unsigned long' to 'uint8_t', possible loss of data
     1>..\..\src\game.cpp(690): warning C4244: 'initializing' : conversion from 'unsigned long' to 'uint8_t', possible loss of data
     1>..\..\src\game.cpp(691): warning C4244: 'initializing' : conversion from 'unsigned long' to 'uint8_t', possible loss of data
     1>..\..\src\game.cpp(697): warning C4244: 'initializing' : conversion from 'unsigned long' to 'uint8_t', possible loss of data
     1>..\..\src\game.cpp(698): warning C4244: 'initializing' : conversion from 'unsigned long' to 'uint8_t', possible loss of data
     1>..\..\src\game.cpp(699): warning C4244: 'initializing' : conversion from 'unsigned long' to 'uint8_t', possible loss of data
     1>..\..\src\game.cpp(705): warning C4244: 'initializing' : conversion from 'unsigned long' to 'uint8_t', possible loss of data
     1>..\..\src\game.cpp(706): warning C4244: 'initializing' : conversion from 'unsigned long' to 'uint8_t', possible loss of data
     1>..\..\src\game.cpp(707): warning C4244: 'initializing' : conversion from 'unsigned long' to 'uint8_t', possible loss of data
     1>..\..\src\game.cpp(708): warning C4244: 'initializing' : conversion from 'unsigned long' to 'uint8_t', possible loss of data
     1>..\..\src\game.cpp(749): warning C4244: 'argument' : conversion from 'unsigned long' to 'const uint8_t', possible loss of data
     1>..\..\src\game.cpp(760): warning C4244: 'argument' : conversion from 'unsigned long' to 'const uint8_t', possible loss of data
     1>..\..\src\game.cpp(800): warning C4244: '=' : conversion from 'const unsigned long' to 'uint8_t', possible loss of data
     1>..\..\src\game.cpp(805): warning C4244: 'argument' : conversion from 'unsigned long' to 'const uint8_t', possible loss of data
     1>..\..\src\game.cpp(816): warning C4244: 'initializing' : conversion from 'uint64_t' to 'int', possible loss of data
     1>..\..\src\game.cpp(901): warning C4244: 'argument' : conversion from 'uint64_t' to 'const int', possible loss of data
     1>..\..\src\game.cpp(928): warning C4244: '=' : conversion from 'const unsigned long' to 'uint8_t', possible loss of data
     1>..\..\src\game.cpp(929): warning C4244: 'argument' : conversion from 'const unsigned long' to 'const uint8_t', possible loss of data
     1>..\..\src\game.cpp(935): warning C4244: 'argument' : conversion from 'unsigned long' to 'const uint8_t', possible loss of data
     1>..\..\src\game.cpp(936): warning C4244: 'argument' : conversion from 'unsigned long' to 'const uint8_t', possible loss of data
     1>c:\users\dohof_000\documents\github\cassandra\src\game.h(125): warning C4244: 'initializing' : conversion from 'uint64_t' to 'int', possible loss of data
                 ..\..\src\game.cpp(515) : see reference to function template instantiation 'int EvalGameOver<2>(const uint64_t)' being compiled
     1>c:\users\dohof_000\documents\github\cassandra\src\game.h(132): warning C4244: 'initializing' : conversion from 'uint64_t' to 'int', possible loss of data
       Link:
         C:\Program Files (x86)\Microsoft Visual Studio 12.0\VC\bin\x86_amd64\link.exe /ERRORREPORT:PROMPT /OUT:"..\..\bin\Solver.exe" /INCREMENTAL:NO /NOLOGO kernel32.lib user32.lib gdi32.lib winspool.lib comdlg32.lib advapi32.lib shell32.lib ole32.lib oleaut32.lib uuid.lib odbc32.lib odbccp32.lib /MANIFEST /MANIFESTUAC:"level='asInvoker' uiAccess='false'" /manifest:embed /DEBUG /PDB:"..\..\bin\Solver.pdb" /SUBSYSTEM:CONSOLE /OPT:REF /OPT:ICF /LTCG /TLBID:1 /DYNAMICBASE /NXCOMPAT /IMPLIB:"..\..\bin\Solver.lib" /MACHINE:X64 x64\Release\configfile.obj
         x64\Release\count_last_flip.obj
         x64\Release\datamanipulation.obj
         x64\Release\endgame_negamax.obj
         x64\Release\features.obj
         x64\Release\flip_fast.obj
         x64\Release\game.obj
         x64\Release\generatepositions.obj
         x64\Release\hashtable.obj
         x64\Release\move.obj
         x64\Release\perft_basic.obj
         x64\Release\position.obj
         x64\Release\possiblemoves.obj
         x64\Release\possiblemoves_avx2.obj
         x64\Release\possiblemoves_avx512.obj
         x64\Release\possiblemoves_sse2.obj
         x64\Release\screen.obj
         x64\Release\search.obj
         x64\Release\solver.obj
         x64\Release\utility.obj
         Generating code
         Finished generating code
         Solver.vcxproj -> C:\Users\dohof_000\Documents\GitHub\Cassandra\Solver\Solver\..\..\bin\Solver.exe
     1>Done Building Project "C:\Users\dohof_000\Documents\GitHub\Cassandra\Solver\Solver\Solver.vcxproj" (Build target(s)).

Build succeeded.

Time Elapsed 00:00:06.63
