c:\users\dohof_000\documents\github\cassandra\solver\solver\x64\release\vc120.pdb
c:\users\dohof_000\documents\github\cassandra\solver\solver\x64\release\utility.obj
c:\users\dohof_000\documents\github\cassandra\solver\solver\x64\release\solver.obj
c:\users\dohof_000\documents\github\cassandra\solver\solver\x64\release\search.obj
c:\users\dohof_000\documents\github\cassandra\solver\solver\x64\release\screen.obj
c:\users\dohof_000\documents\github\cassandra\solver\solver\x64\release\possiblemoves_sse2.obj
c:\users\dohof_000\documents\github\cassandra\solver\solver\x64\release\possiblemoves_avx512.obj
c:\users\dohof_000\documents\github\cassandra\solver\solver\x64\release\possiblemoves_avx2.obj
c:\users\dohof_000\documents\github\cassandra\solver\solver\x64\release\possiblemoves.obj
c:\users\dohof_000\documents\github\cassandra\solver\solver\x64\release\position.obj
c:\users\dohof_000\documents\github\cassandra\solver\solver\x64\release\perft_basic.obj
c:\users\dohof_000\documents\github\cassandra\solver\solver\x64\release\move.obj
c:\users\dohof_000\documents\github\cassandra\solver\solver\x64\release\hashtable.obj
c:\users\dohof_000\documents\github\cassandra\solver\solver\x64\release\generatepositions.obj
c:\users\dohof_000\documents\github\cassandra\solver\solver\x64\release\game.obj
c:\users\dohof_000\documents\github\cassandra\solver\solver\x64\release\flip_fast.obj
c:\users\dohof_000\documents\github\cassandra\solver\solver\x64\release\features.obj
c:\users\dohof_000\documents\github\cassandra\solver\solver\x64\release\endgame_negamax.obj
c:\users\dohof_000\documents\github\cassandra\solver\solver\x64\release\datamanipulation.obj
c:\users\dohof_000\documents\github\cassandra\solver\solver\x64\release\count_last_flip.obj
c:\users\dohof_000\documents\github\cassandra\solver\solver\x64\release\configfile.obj
c:\users\dohof_000\documents\github\cassandra\solver\solver\x64\release\solver.tlog\cl.command.1.tlog
c:\users\dohof_000\documents\github\cassandra\solver\solver\x64\release\solver.tlog\cl.read.1.tlog
c:\users\dohof_000\documents\github\cassandra\solver\solver\x64\release\solver.tlog\cl.write.1.tlog
c:\users\dohof_000\documents\github\cassandra\solver\solver\x64\release\solver.tlog\link.command.1.tlog
c:\users\dohof_000\documents\github\cassandra\solver\solver\x64\release\solver.tlog\link.read.1.tlog
c:\users\dohof_000\documents\github\cassandra\solver\solver\x64\release\solver.tlog\link.write.1.tlog
